mode: set
social-media/internal/users/transport/http.go:23.61,25.2 1 1
social-media/internal/users/transport/http.go:27.58,83.2 11 1
social-media/internal/users/transport/http.go:85.24,87.16 2 0
social-media/internal/users/transport/http.go:87.16,89.3 1 0
social-media/internal/users/transport/http.go:92.49,93.71 1 1
social-media/internal/users/transport/http.go:93.71,97.3 3 1
social-media/internal/users/transport/http.go:100.85,103.37 3 1
social-media/internal/users/transport/http.go:103.37,106.3 2 1
social-media/internal/users/transport/http.go:107.2,108.22 2 1
social-media/internal/users/transport/http.go:111.105,112.21 1 1
social-media/internal/users/transport/http.go:112.21,114.3 1 1
social-media/internal/users/transport/http.go:115.2,115.44 1 1
social-media/internal/users/transport/http.go:118.97,119.54 1 1
social-media/internal/users/transport/http.go:119.54,122.3 2 1
social-media/internal/users/transport/http.go:124.2,129.8 1 1
social-media/internal/users/transport/http.go:132.90,133.54 1 1
social-media/internal/users/transport/http.go:133.54,136.3 2 1
social-media/internal/users/transport/http.go:138.2,141.8 1 1
social-media/internal/users/transport/http.go:144.92,147.9 3 1
social-media/internal/users/transport/http.go:147.9,149.3 1 0
social-media/internal/users/transport/http.go:150.2,152.8 1 1
social-media/internal/users/transport/http.go:155.95,157.16 2 1
social-media/internal/users/transport/http.go:157.16,160.3 2 1
social-media/internal/users/transport/http.go:161.2,161.54 1 1
social-media/internal/users/transport/http.go:161.54,164.3 2 1
social-media/internal/users/transport/http.go:166.2,172.8 1 1
social-media/internal/users/transport/http.go:175.100,176.54 1 1
social-media/internal/users/transport/http.go:176.54,179.3 2 1
social-media/internal/users/transport/http.go:180.2,182.8 1 1
social-media/internal/users/transport/http.go:185.95,187.16 2 1
social-media/internal/users/transport/http.go:187.16,190.3 2 1
social-media/internal/users/transport/http.go:191.2,193.9 3 1
social-media/internal/users/transport/http.go:193.9,195.3 1 0
social-media/internal/users/transport/http.go:196.2,199.8 1 1
social-media/internal/users/transport/http.go:202.102,204.16 2 1
social-media/internal/users/transport/http.go:204.16,207.3 2 1
social-media/internal/users/transport/http.go:208.2,210.8 1 1
